2019-04-26 11:04:11.753 [%PARSER_ERROR[thead]] DEBUG com.hlt.dao.ShopDao.queryShopList - ==>  Preparing: SELECT s.shop_id, s.shop_name, s.shop_desc, s.shop_addr, s.phone, s.shop_img, s.priority, s.create_time, s.last_edit_time, s.enable_status, s.advice, a.area_id, a.area_name, sc.shop_category_id, sc.shop_category_name from tb_shop s, tb_area a, tb_shop_category sc WHERE s.owner_id = ? AND s.area_id = a.area_id AND s.shop_category_id = sc.shop_category_id ORDER BY s.priority DESC LIMIT ?,?; 
2019-04-26 11:04:11.806 [%PARSER_ERROR[thead]] DEBUG com.hlt.dao.ShopDao.queryShopList - ==> Parameters: 1(Long), 0(Integer), 5(Integer)
2019-04-26 11:04:11.838 [%PARSER_ERROR[thead]] DEBUG com.hlt.dao.ShopDao.queryShopList - <==      Total: 5
2019-04-26 11:04:11.845 [%PARSER_ERROR[thead]] DEBUG com.hlt.dao.ShopDao.queryShopCount - ==>  Preparing: SELECT count(1) FROM tb_shop s, tb_area a, tb_shop_category sc WHERE s.owner_id = ? AND s.area_id = a.area_id AND s.shop_category_id = sc.shop_category_id 
2019-04-26 11:04:11.846 [%PARSER_ERROR[thead]] DEBUG com.hlt.dao.ShopDao.queryShopCount - ==> Parameters: 1(Long)
2019-04-26 11:04:11.848 [%PARSER_ERROR[thead]] DEBUG com.hlt.dao.ShopDao.queryShopCount - <==      Total: 1
2019-04-26 11:04:11.850 [%PARSER_ERROR[thead]] DEBUG com.hlt.dao.ShopDao.queryShopList - ==>  Preparing: SELECT s.shop_id, s.shop_name, s.shop_desc, s.shop_addr, s.phone, s.shop_img, s.priority, s.create_time, s.last_edit_time, s.enable_status, s.advice, a.area_id, a.area_name, sc.shop_category_id, sc.shop_category_name from tb_shop s, tb_area a, tb_shop_category sc WHERE s.shop_category_id = ? and s.owner_id = ? AND s.area_id = a.area_id AND s.shop_category_id = sc.shop_category_id ORDER BY s.priority DESC LIMIT ?,?; 
2019-04-26 11:04:11.850 [%PARSER_ERROR[thead]] DEBUG com.hlt.dao.ShopDao.queryShopList - ==> Parameters: 3(Long), 1(Long), 0(Integer), 2(Integer)
2019-04-26 11:04:11.853 [%PARSER_ERROR[thead]] DEBUG com.hlt.dao.ShopDao.queryShopList - <==      Total: 2
2019-04-26 11:04:11.853 [%PARSER_ERROR[thead]] DEBUG com.hlt.dao.ShopDao.queryShopCount - ==>  Preparing: SELECT count(1) FROM tb_shop s, tb_area a, tb_shop_category sc WHERE s.shop_category_id = ? and s.owner_id = ? AND s.area_id = a.area_id AND s.shop_category_id = sc.shop_category_id 
2019-04-26 11:04:11.854 [%PARSER_ERROR[thead]] DEBUG com.hlt.dao.ShopDao.queryShopCount - ==> Parameters: 3(Long), 1(Long)
2019-04-26 11:04:11.855 [%PARSER_ERROR[thead]] DEBUG com.hlt.dao.ShopDao.queryShopCount - <==      Total: 1
2019-04-26 11:10:47.252 [%PARSER_ERROR[thead]] DEBUG com.hlt.dao.ShopDao.queryShopList - ==>  Preparing: SELECT s.shop_id, s.shop_name, s.shop_desc, s.shop_addr, s.phone, s.shop_img, s.priority, s.create_time, s.last_edit_time, s.enable_status, s.advice, a.area_id, a.area_name, sc.shop_category_id, sc.shop_category_name from tb_shop s, tb_area a, tb_shop_category sc WHERE s.shop_category_id = ? AND s.area_id = a.area_id AND s.shop_category_id = sc.shop_category_id ORDER BY s.priority DESC LIMIT ?,?; 
2019-04-26 11:10:47.274 [%PARSER_ERROR[thead]] DEBUG com.hlt.dao.ShopDao.queryShopList - ==> Parameters: 3(Long), 0(Integer), 2(Integer)
2019-04-26 11:10:47.290 [%PARSER_ERROR[thead]] DEBUG com.hlt.dao.ShopDao.queryShopList - <==      Total: 2
2019-04-26 11:10:47.294 [%PARSER_ERROR[thead]] DEBUG com.hlt.dao.ShopDao.queryShopCount - ==>  Preparing: SELECT count(1) FROM tb_shop s, tb_area a, tb_shop_category sc WHERE s.shop_category_id = ? AND s.area_id = a.area_id AND s.shop_category_id = sc.shop_category_id 
2019-04-26 11:10:47.294 [%PARSER_ERROR[thead]] DEBUG com.hlt.dao.ShopDao.queryShopCount - ==> Parameters: 3(Long)
2019-04-26 11:10:47.295 [%PARSER_ERROR[thead]] DEBUG com.hlt.dao.ShopDao.queryShopCount - <==      Total: 1
2019-04-26 15:09:21.329 [%PARSER_ERROR[thead]] DEBUG com.hlt.dao.ShopDao.queryByShopId - ==>  Preparing: select s.shop_id, s.shop_name, s.shop_desc, s.shop_addr, s.phone, s.shop_img, s.priority, s.create_time, s.last_edit_time, s.enable_status, s.advice, a.area_id, a.area_name, sc.shop_category_id, sc.shop_category_name from tb_shop s, tb_area a, tb_shop_category sc where s.area_id=a.area_id and s.shop_category_id = sc.shop_category_id and s.shop_id = ? 
2019-04-26 15:09:21.356 [%PARSER_ERROR[thead]] DEBUG com.hlt.dao.ShopDao.queryByShopId - ==> Parameters: 1(Long)
2019-04-26 15:09:21.375 [%PARSER_ERROR[thead]] DEBUG com.hlt.dao.ShopDao.queryByShopId - <==      Total: 1
